<?xml version="1.0" encoding="UTF-8"?>
<!-- Generated by org.testng.reporters.JUnitReportReporter -->
<testsuite hostname="LTIN312672" failures="0" tests="1" name="Basics.Irctc" time="22.956" errors="1" timestamp="2025-02-06T16:24:06 IST" skipped="0">
  <testcase classname="Basics.Irctc" name="irctcapp" time="22.956">
    <error message="Error {
  message=&#039;Execution context was destroyed, most likely because of a navigation
  name=&#039;Error
  stack=&#039;Error:Execution context was destroyed, most likely because of a navigation
Error
    at captureRawStack (C:\Users\2252549\AppData\Local\Temp\playwright-java-15670530585461860408\package\lib\utils\stackTrace.js:50:17)
    at LongStandingScope._race (C:\Users\2252549\AppData\Local\Temp\playwright-java-15670530585461860408\package\lib\utils\manualPromise.js:91:52)
    at LongStandingScope.race (C:\Users\2252549\AppData\Local\Temp\playwright-java-15670530585461860408\package\lib\utils\manualPromise.js:84:17)
    at FrameExecutionContext._raceAgainstContextDestroyed (C:\Users\2252549\AppData\Local\Temp\playwright-java-15670530585461860408\package\lib\server\javascript.js:50:40)
    at FrameExecutionContext.utilityScript (C:\Users\2252549\AppData\Local\Temp\playwright-java-15670530585461860408\package\lib\server\javascript.js:81:41)
    at evaluateExpression (C:\Users\2252549\AppData\Local\Temp\playwright-java-15670530585461860408\package\lib\server\javascript.js:192:39)
    at Object.evaluate (C:\Users\2252549\AppData\Local\Temp\playwright-java-15670530585461860408\package\lib\server\javascript.js:186:10)
    at FrameExecutionContext.evaluate (C:\Users\2252549\AppData\Local\Temp\playwright-java-15670530585461860408\package\lib\server\dom.js:56:15)
    at Frame.title (C:\Users\2252549\AppData\Local\Temp\playwright-java-15670530585461860408\package\lib\server\frames.js:1451:20)
    at async FrameDispatcher.title (C:\Users\2252549\AppData\Local\Temp\playwright-java-15670530585461860408\package\lib\server\dispatchers\frameDispatcher.js:270:14)
    at async LongStandingScope._race (C:\Users\2252549\AppData\Local\Temp\playwright-java-15670530585461860408\package\lib\utils\manualPromise.js:96:14)
    at async FrameDispatcher._handleCommand (C:\Users\2252549\AppData\Local\Temp\playwright-java-15670530585461860408\package\lib\server\dispatchers\dispatcher.js:96:14)
    at async DispatcherConnection.dispatch (C:\Users\2252549\AppData\Local\Temp\playwright-java-15670530585461860408\package\lib\server\dispatchers\dispatcher.js:361:22)
}" type="com.microsoft.playwright.PlaywrightException">
      <![CDATA[com.microsoft.playwright.PlaywrightException: Error {
  message='Execution context was destroyed, most likely because of a navigation
  name='Error
  stack='Error:Execution context was destroyed, most likely because of a navigation
Error
    at captureRawStack (C:\Users\2252549\AppData\Local\Temp\playwright-java-15670530585461860408\package\lib\utils\stackTrace.js:50:17)
    at LongStandingScope._race (C:\Users\2252549\AppData\Local\Temp\playwright-java-15670530585461860408\package\lib\utils\manualPromise.js:91:52)
    at LongStandingScope.race (C:\Users\2252549\AppData\Local\Temp\playwright-java-15670530585461860408\package\lib\utils\manualPromise.js:84:17)
    at FrameExecutionContext._raceAgainstContextDestroyed (C:\Users\2252549\AppData\Local\Temp\playwright-java-15670530585461860408\package\lib\server\javascript.js:50:40)
    at FrameExecutionContext.utilityScript (C:\Users\2252549\AppData\Local\Temp\playwright-java-15670530585461860408\package\lib\server\javascript.js:81:41)
    at evaluateExpression (C:\Users\2252549\AppData\Local\Temp\playwright-java-15670530585461860408\package\lib\server\javascript.js:192:39)
    at Object.evaluate (C:\Users\2252549\AppData\Local\Temp\playwright-java-15670530585461860408\package\lib\server\javascript.js:186:10)
    at FrameExecutionContext.evaluate (C:\Users\2252549\AppData\Local\Temp\playwright-java-15670530585461860408\package\lib\server\dom.js:56:15)
    at Frame.title (C:\Users\2252549\AppData\Local\Temp\playwright-java-15670530585461860408\package\lib\server\frames.js:1451:20)
    at async FrameDispatcher.title (C:\Users\2252549\AppData\Local\Temp\playwright-java-15670530585461860408\package\lib\server\dispatchers\frameDispatcher.js:270:14)
    at async LongStandingScope._race (C:\Users\2252549\AppData\Local\Temp\playwright-java-15670530585461860408\package\lib\utils\manualPromise.js:96:14)
    at async FrameDispatcher._handleCommand (C:\Users\2252549\AppData\Local\Temp\playwright-java-15670530585461860408\package\lib\server\dispatchers\dispatcher.js:96:14)
    at async DispatcherConnection.dispatch (C:\Users\2252549\AppData\Local\Temp\playwright-java-15670530585461860408\package\lib\server\dispatchers\dispatcher.js:361:22)
}
at com.microsoft.playwright.impl.WaitableResult.get(WaitableResult.java:56)
at com.microsoft.playwright.impl.ChannelOwner.runUntil(ChannelOwner.java:132)
at com.microsoft.playwright.impl.Connection.sendMessage(Connection.java:130)
at com.microsoft.playwright.impl.ChannelOwner.sendMessage(ChannelOwner.java:118)
at com.microsoft.playwright.impl.ChannelOwner.sendMessage(ChannelOwner.java:113)
at com.microsoft.playwright.impl.FrameImpl.titleImpl(FrameImpl.java:827)
at com.microsoft.playwright.impl.PageImpl.lambda$title$82(PageImpl.java:1338)
at com.microsoft.playwright.impl.LoggingSupport.withLogging(LoggingSupport.java:47)
at com.microsoft.playwright.impl.ChannelOwner.withLogging(ChannelOwner.java:97)
at com.microsoft.playwright.impl.PageImpl.title(PageImpl.java:1338)
at Basics.Irctc.irctcapp(Irctc.java:35)
at java.base/jdk.internal.reflect.DirectMethodHandleAccessor.invoke(DirectMethodHandleAccessor.java:104)
at java.base/java.lang.reflect.Method.invoke(Method.java:578)
at org.testng.internal.invokers.MethodInvocationHelper.invokeMethod(MethodInvocationHelper.java:141)
at org.testng.internal.invokers.TestInvoker.invokeMethod(TestInvoker.java:686)
at org.testng.internal.invokers.TestInvoker.invokeTestMethod(TestInvoker.java:230)
at org.testng.internal.invokers.MethodRunner.runInSequence(MethodRunner.java:63)
at org.testng.internal.invokers.TestInvoker$MethodInvocationAgent.invoke(TestInvoker.java:992)
at org.testng.internal.invokers.TestInvoker.invokeTestMethods(TestInvoker.java:203)
at org.testng.internal.invokers.TestMethodWorker.invokeTestMethods(TestMethodWorker.java:154)
at org.testng.internal.invokers.TestMethodWorker.run(TestMethodWorker.java:134)
at java.base/java.util.ArrayList.forEach(ArrayList.java:1511)
at org.testng.TestRunner.privateRun(TestRunner.java:739)
at org.testng.TestRunner.run(TestRunner.java:614)
at org.testng.SuiteRunner.runTest(SuiteRunner.java:421)
at org.testng.SuiteRunner.runSequentially(SuiteRunner.java:413)
at org.testng.SuiteRunner.privateRun(SuiteRunner.java:373)
at org.testng.SuiteRunner.run(SuiteRunner.java:312)
at org.testng.SuiteRunnerWorker.runSuite(SuiteRunnerWorker.java:52)
at org.testng.SuiteRunnerWorker.run(SuiteRunnerWorker.java:95)
at org.testng.TestNG.runSuitesSequentially(TestNG.java:1274)
at org.testng.TestNG.runSuitesLocally(TestNG.java:1208)
at org.testng.TestNG.runSuites(TestNG.java:1112)
at org.testng.TestNG.run(TestNG.java:1079)
at org.testng.remote.AbstractRemoteTestNG.run(AbstractRemoteTestNG.java:115)
at org.testng.remote.RemoteTestNG.initAndRun(RemoteTestNG.java:293)
at org.testng.remote.RemoteTestNG.main(RemoteTestNG.java:91)
Caused by: com.microsoft.playwright.impl.DriverException: Error {
  message='Execution context was destroyed, most likely because of a navigation
  name='Error
  stack='Error:Execution context was destroyed, most likely because of a navigation
Error
    at captureRawStack (C:\Users\2252549\AppData\Local\Temp\playwright-java-15670530585461860408\package\lib\utils\stackTrace.js:50:17)
    at LongStandingScope._race (C:\Users\2252549\AppData\Local\Temp\playwright-java-15670530585461860408\package\lib\utils\manualPromise.js:91:52)
    at LongStandingScope.race (C:\Users\2252549\AppData\Local\Temp\playwright-java-15670530585461860408\package\lib\utils\manualPromise.js:84:17)
    at FrameExecutionContext._raceAgainstContextDestroyed (C:\Users\2252549\AppData\Local\Temp\playwright-java-15670530585461860408\package\lib\server\javascript.js:50:40)
    at FrameExecutionContext.utilityScript (C:\Users\2252549\AppData\Local\Temp\playwright-java-15670530585461860408\package\lib\server\javascript.js:81:41)
    at evaluateExpression (C:\Users\2252549\AppData\Local\Temp\playwright-java-15670530585461860408\package\lib\server\javascript.js:192:39)
    at Object.evaluate (C:\Users\2252549\AppData\Local\Temp\playwright-java-15670530585461860408\package\lib\server\javascript.js:186:10)
    at FrameExecutionContext.evaluate (C:\Users\2252549\AppData\Local\Temp\playwright-java-15670530585461860408\package\lib\server\dom.js:56:15)
    at Frame.title (C:\Users\2252549\AppData\Local\Temp\playwright-java-15670530585461860408\package\lib\server\frames.js:1451:20)
    at async FrameDispatcher.title (C:\Users\2252549\AppData\Local\Temp\playwright-java-15670530585461860408\package\lib\server\dispatchers\frameDispatcher.js:270:14)
    at async LongStandingScope._race (C:\Users\2252549\AppData\Local\Temp\playwright-java-15670530585461860408\package\lib\utils\manualPromise.js:96:14)
    at async FrameDispatcher._handleCommand (C:\Users\2252549\AppData\Local\Temp\playwright-java-15670530585461860408\package\lib\server\dispatchers\dispatcher.js:96:14)
    at async DispatcherConnection.dispatch (C:\Users\2252549\AppData\Local\Temp\playwright-java-15670530585461860408\package\lib\server\dispatchers\dispatcher.js:361:22)
}
at com.microsoft.playwright.impl.Connection.dispatch(Connection.java:259)
at com.microsoft.playwright.impl.Connection.processOneMessage(Connection.java:211)
at com.microsoft.playwright.impl.ChannelOwner.runUntil(ChannelOwner.java:130)
... 35 more
]]>
    </error>
  </testcase> <!-- irctcapp -->
</testsuite> <!-- Basics.Irctc -->
